# JRE version: OpenJDK Runtime Environment (11.0.8+10) (build 11.0.8+10-b944.6842174)
# Java VM: OpenJDK 64-Bit Server VM (11.0.8+10-b944.6842174, mixed mode, tiered, compressed oops, g1 gc, windows-amd64)
Heap:
 garbage-first heap   total 262144K, used 151593K [0x00000000c0000000, 0x0000000100000000)
  region size 1024K, 114 young (116736K), 14 survivors (14336K)
 Metaspace       used 51759K, capacity 53253K, committed 53500K, reserved 1095680K
  class space    used 6534K, capacity 6994K, committed 7040K, reserved 1048576K
GC Heap History (12 events):
Event: 1.159 GC heap before
{Heap before GC invocations=0 (full 0):
 garbage-first heap   total 262144K, used 29696K [0x00000000c0000000, 0x0000000100000000)
  region size 1024K, 24 young (24576K), 0 survivors (0K)
 Metaspace       used 10676K, capacity 10938K, committed 11264K, reserved 1058816K
  class space    used 1130K, capacity 1202K, committed 1280K, reserved 1048576K
}
Event: 1.162 GC heap after
{Heap after GC invocations=1 (full 0):
 garbage-first heap   total 262144K, used 8685K [0x00000000c0000000, 0x0000000100000000)
  region size 1024K, 3 young (3072K), 3 survivors (3072K)
 Metaspace       used 10676K, capacity 10938K, committed 11264K, reserved 1058816K
  class space    used 1130K, capacity 1202K, committed 1280K, reserved 1048576K
}
Event: 3.291 GC heap before
{Heap before GC invocations=1 (full 0):
 garbage-first heap   total 262144K, used 92653K [0x00000000c0000000, 0x0000000100000000)
  region size 1024K, 87 young (89088K), 3 survivors (3072K)
 Metaspace       used 20603K, capacity 21123K, committed 21296K, reserved 1069056K
  class space    used 2519K, capacity 2688K, committed 2688K, reserved 1048576K
}
Event: 3.307 GC heap after
{Heap after GC invocations=2 (full 0):
 garbage-first heap   total 262144K, used 15779K [0x00000000c0000000, 0x0000000100000000)
  region size 1024K, 10 young (10240K), 10 survivors (10240K)
 Metaspace       used 20603K, capacity 21123K, committed 21296K, reserved 1069056K
  class space    used 2519K, capacity 2688K, committed 2688K, reserved 1048576K
}
Event: 3.572 GC heap before
{Heap before GC invocations=3 (full 0):
 garbage-first heap   total 262144K, used 31139K [0x00000000c0000000, 0x0000000100000000)
  region size 1024K, 25 young (25600K), 10 survivors (10240K)
 Metaspace       used 21957K, capacity 22526K, committed 22704K, reserved 1069056K
  class space    used 2784K, capacity 2988K, committed 3072K, reserved 1048576K
}
Event: 3.584 GC heap after
{Heap after GC invocations=4 (full 0):
 garbage-first heap   total 262144K, used 16579K [0x00000000c0000000, 0x0000000100000000)
  region size 1024K, 1 young (1024K), 1 survivors (1024K)
 Metaspace       used 21957K, capacity 22526K, committed 22704K, reserved 1069056K
  class space    used 2784K, capacity 2988K, committed 3072K, reserved 1048576K
}
Event: 4.501 GC heap before
{Heap before GC invocations=4 (full 0):
 garbage-first heap   total 262144K, used 90307K [0x00000000c0000000, 0x0000000100000000)
  region size 1024K, 65 young (66560K), 1 survivors (1024K)
 Metaspace       used 28590K, capacity 29382K, committed 29616K, reserved 1075200K
  class space    used 3792K, capacity 4082K, committed 4096K, reserved 1048576K
}
Event: 4.504 GC heap after
{Heap after GC invocations=5 (full 0):
 garbage-first heap   total 262144K, used 30401K [0x00000000c0000000, 0x0000000100000000)
  region size 1024K, 6 young (6144K), 6 survivors (6144K)
 Metaspace       used 28590K, capacity 29382K, committed 29616K, reserved 1075200K
  class space    used 3792K, capacity 4082K, committed 4096K, reserved 1048576K
}
Event: 5.166 GC heap before
{Heap before GC invocations=5 (full 0):
 garbage-first heap   total 262144K, used 56001K [0x00000000c0000000, 0x0000000100000000)
  region size 1024K, 33 young (33792K), 6 survivors (6144K)
 Metaspace       used 34792K, capacity 35619K, committed 35708K, reserved 1081344K
  class space    used 4533K, capacity 4842K, committed 4864K, reserved 1048576K
}
Event: 5.179 GC heap after
{Heap after GC invocations=6 (full 0):
 garbage-first heap   total 262144K, used 32743K [0x00000000c0000000, 0x0000000100000000)
  region size 1024K, 8 young (8192K), 8 survivors (8192K)
 Metaspace       used 34792K, capacity 35619K, committed 35708K, reserved 1081344K
  class space    used 4533K, capacity 4842K, committed 4864K, reserved 1048576K
}
Event: 7.181 GC heap before
{Heap before GC invocations=7 (full 0):
 garbage-first heap   total 262144K, used 146407K [0x00000000c0000000, 0x0000000100000000)
  region size 1024K, 109 young (111616K), 8 survivors (8192K)
 Metaspace       used 46192K, capacity 47273K, committed 47484K, reserved 1091584K
  class space    used 5783K, capacity 6135K, committed 6144K, reserved 1048576K
}
Event: 7.192 GC heap after
{Heap after GC invocations=8 (full 0):
 garbage-first heap   total 262144K, used 48169K [0x00000000c0000000, 0x0000000100000000)
  region size 1024K, 14 young (14336K), 14 survivors (14336K)
 Metaspace       used 46192K, capacity 47273K, committed 47484K, reserved 1091584K
  class space    used 5783K, capacity 6135K, committed 6144K, reserved 1048576K
}

